0 info it worked if it ends with ok
1 verbose cli [ 'node',
1 verbose cli   '/usr/local/bin/npm',
1 verbose cli   'install',
1 verbose cli   'connect-form-sync',
1 verbose cli   '--save' ]
2 info using npm@1.2.21
3 info using node@v0.10.7
4 verbose read json /Users/sugarfist/WebstormProjects/cloudforms/node_modules/co-aws/package.json
5 warn package.json co-aws@0.0.1-1 No repository field.
6 warn package.json co-aws@0.0.1-1 No readme data.
7 verbose read json /Users/sugarfist/WebstormProjects/cloudforms/node_modules/co-aws/node_modules/aws-sdk/package.json
8 verbose read json /Users/sugarfist/WebstormProjects/cloudforms/node_modules/co-aws/node_modules/compound/package.json
9 verbose read json /Users/sugarfist/WebstormProjects/cloudforms/node_modules/co-aws/node_modules/ejs/package.json
10 verbose read json /Users/sugarfist/WebstormProjects/cloudforms/node_modules/co-aws/node_modules/mocha/package.json
11 verbose read json /Users/sugarfist/WebstormProjects/cloudforms/node_modules/co-aws/node_modules/semicov/package.json
12 verbose read json /Users/sugarfist/WebstormProjects/cloudforms/node_modules/co-aws/node_modules/should/package.json
13 warn package.json semicov@0.1.1 No repository field.
14 verbose from cache /Users/sugarfist/WebstormProjects/cloudforms/node_modules/co-aws/package.json
15 verbose readDependencies using package.json deps
16 verbose cache add [ 'connect-form-sync', null ]
17 verbose cache add name=undefined spec="connect-form-sync" args=["connect-form-sync",null]
18 verbose parsed url { protocol: null,
18 verbose parsed url   slashes: null,
18 verbose parsed url   auth: null,
18 verbose parsed url   host: null,
18 verbose parsed url   port: null,
18 verbose parsed url   hostname: null,
18 verbose parsed url   hash: null,
18 verbose parsed url   search: null,
18 verbose parsed url   query: null,
18 verbose parsed url   pathname: 'connect-form-sync',
18 verbose parsed url   path: 'connect-form-sync',
18 verbose parsed url   href: 'connect-form-sync' }
19 silly lockFile 021087c8-connect-form-sync connect-form-sync
20 verbose lock connect-form-sync /Users/sugarfist/.npm/021087c8-connect-form-sync.lock
21 silly lockFile 021087c8-connect-form-sync connect-form-sync
22 silly lockFile 021087c8-connect-form-sync connect-form-sync
23 verbose addNamed [ 'connect-form-sync', '' ]
24 verbose addNamed [ null, '' ]
25 silly lockFile 56c557cb-connect-form-sync connect-form-sync@
26 verbose lock connect-form-sync@ /Users/sugarfist/.npm/56c557cb-connect-form-sync.lock
27 silly addNameRange { name: 'connect-form-sync', range: '', hasData: false }
28 verbose url raw connect-form-sync
29 verbose url resolving [ 'https://registry.npmjs.org/', './connect-form-sync' ]
30 verbose url resolved https://registry.npmjs.org/connect-form-sync
31 info trying registry request attempt 1 at 20:54:24
32 http GET https://registry.npmjs.org/connect-form-sync
33 http 404 https://registry.npmjs.org/connect-form-sync
34 silly registry.get cb [ 404,
34 silly registry.get   { server: 'CouchDB/1.3.0 (Erlang OTP/R15B03)',
34 silly registry.get     date: 'Wed, 29 May 2013 00:54:24 GMT',
34 silly registry.get     'content-type': 'application/json',
34 silly registry.get     'content-length': '52',
34 silly registry.get     'cache-control': 'must-revalidate' } ]
35 silly lockFile 56c557cb-connect-form-sync connect-form-sync@
36 silly lockFile 56c557cb-connect-form-sync connect-form-sync@
37 error 404 'connect-form-sync' is not in the npm registry.
37 error 404 You should bug the author to publish it
37 error 404
37 error 404 Note that you can also install from a
37 error 404 tarball, folder, or http url, or git url.
38 error System Darwin 12.3.0
39 error command "node" "/usr/local/bin/npm" "install" "connect-form-sync" "--save"
40 error cwd /Users/sugarfist/WebstormProjects/cloudforms/node_modules/co-aws
41 error node -v v0.10.7
42 error npm -v 1.2.21
43 error code E404
44 verbose exit [ 1, true ]
